{"/home/laura/Documents/Generation-Colombia/Semana 11/weather/src/js/weather.js": {"path":"/home/laura/Documents/Generation-Colombia/Semana 11/weather/src/js/weather.js","statementMap":{"0":{"start":{"line":1,"column":13},"end":{"line":1,"column":93}},"1":{"start":{"line":2,"column":18},"end":{"line":2,"column":90}},"2":{"start":{"line":3,"column":19},"end":{"line":3,"column":93}},"3":{"start":{"line":4,"column":19},"end":{"line":4,"column":96}},"4":{"start":{"line":5,"column":22},"end":{"line":5,"column":101}},"5":{"start":{"line":6,"column":20},"end":{"line":6,"column":98}},"6":{"start":{"line":7,"column":24},"end":{"line":7,"column":106}},"7":{"start":{"line":8,"column":18},"end":{"line":8,"column":93}},"8":{"start":{"line":10,"column":0},"end":{"line":37,"column":1}},"9":{"start":{"line":11,"column":4},"end":{"line":36,"column":7}},"10":{"start":{"line":12,"column":8},"end":{"line":12,"column":31}},"11":{"start":{"line":13,"column":21},"end":{"line":13,"column":43}},"12":{"start":{"line":15,"column":8},"end":{"line":18,"column":9}},"13":{"start":{"line":16,"column":12},"end":{"line":16,"column":63}},"14":{"start":{"line":17,"column":12},"end":{"line":17,"column":19}},"15":{"start":{"line":20,"column":8},"end":{"line":20,"column":48}},"16":{"start":{"line":21,"column":8},"end":{"line":21,"column":33}},"17":{"start":{"line":23,"column":8},"end":{"line":35,"column":9}},"18":{"start":{"line":24,"column":32},"end":{"line":24,"column":58}},"19":{"start":{"line":25,"column":28},"end":{"line":25,"column":89}},"20":{"start":{"line":27,"column":12},"end":{"line":27,"column":42}},"21":{"start":{"line":28,"column":12},"end":{"line":28,"column":71}},"22":{"start":{"line":29,"column":12},"end":{"line":29,"column":67}},"23":{"start":{"line":30,"column":12},"end":{"line":30,"column":75}},"24":{"start":{"line":31,"column":12},"end":{"line":31,"column":38}},"25":{"start":{"line":32,"column":12},"end":{"line":32,"column":35}},"26":{"start":{"line":34,"column":12},"end":{"line":34,"column":45}},"27":{"start":{"line":40,"column":16},"end":{"line":40,"column":129}},"28":{"start":{"line":41,"column":21},"end":{"line":41,"column":37}},"29":{"start":{"line":43,"column":4},"end":{"line":45,"column":5}},"30":{"start":{"line":44,"column":8},"end":{"line":44,"column":60}},"31":{"start":{"line":47,"column":17},"end":{"line":47,"column":38}},"32":{"start":{"line":48,"column":4},"end":{"line":50,"column":5}},"33":{"start":{"line":49,"column":8},"end":{"line":49,"column":49}},"34":{"start":{"line":52,"column":4},"end":{"line":55,"column":6}},"35":{"start":{"line":59,"column":16},"end":{"line":59,"column":165}},"36":{"start":{"line":60,"column":21},"end":{"line":60,"column":37}},"37":{"start":{"line":62,"column":4},"end":{"line":64,"column":5}},"38":{"start":{"line":63,"column":8},"end":{"line":63,"column":70}},"39":{"start":{"line":66,"column":17},"end":{"line":66,"column":38}},"40":{"start":{"line":67,"column":4},"end":{"line":69,"column":5}},"41":{"start":{"line":68,"column":8},"end":{"line":68,"column":62}},"42":{"start":{"line":71,"column":4},"end":{"line":75,"column":6}},"43":{"start":{"line":79,"column":4},"end":{"line":79,"column":27}},"44":{"start":{"line":79,"column":20},"end":{"line":79,"column":27}},"45":{"start":{"line":80,"column":4},"end":{"line":80,"column":33}},"46":{"start":{"line":81,"column":4},"end":{"line":81,"column":49}},"47":{"start":{"line":84,"column":0},"end":{"line":89,"column":1}},"48":{"start":{"line":85,"column":4},"end":{"line":88,"column":6}}},"fnMap":{"0":{"name":"(anonymous_0)","decl":{"start":{"line":11,"column":36},"end":{"line":11,"column":37}},"loc":{"start":{"line":11,"column":53},"end":{"line":36,"column":5}},"line":11},"1":{"name":"getCoordinates","decl":{"start":{"line":39,"column":15},"end":{"line":39,"column":29}},"loc":{"start":{"line":39,"column":36},"end":{"line":56,"column":1}},"line":39},"2":{"name":"getWeather","decl":{"start":{"line":58,"column":15},"end":{"line":58,"column":25}},"loc":{"start":{"line":58,"column":47},"end":{"line":76,"column":1}},"line":58},"3":{"name":"showMessage","decl":{"start":{"line":78,"column":9},"end":{"line":78,"column":20}},"loc":{"start":{"line":78,"column":36},"end":{"line":82,"column":1}},"line":78}},"branchMap":{"0":{"loc":{"start":{"line":1,"column":13},"end":{"line":1,"column":93}},"type":"cond-expr","locations":[{"start":{"line":1,"column":47},"end":{"line":1,"column":86}},{"start":{"line":1,"column":89},"end":{"line":1,"column":93}}],"line":1},"1":{"loc":{"start":{"line":2,"column":18},"end":{"line":2,"column":90}},"type":"cond-expr","locations":[{"start":{"line":2,"column":52},"end":{"line":2,"column":83}},{"start":{"line":2,"column":86},"end":{"line":2,"column":90}}],"line":2},"2":{"loc":{"start":{"line":3,"column":19},"end":{"line":3,"column":93}},"type":"cond-expr","locations":[{"start":{"line":3,"column":53},"end":{"line":3,"column":86}},{"start":{"line":3,"column":89},"end":{"line":3,"column":93}}],"line":3},"3":{"loc":{"start":{"line":4,"column":19},"end":{"line":4,"column":96}},"type":"cond-expr","locations":[{"start":{"line":4,"column":53},"end":{"line":4,"column":89}},{"start":{"line":4,"column":92},"end":{"line":4,"column":96}}],"line":4},"4":{"loc":{"start":{"line":5,"column":22},"end":{"line":5,"column":101}},"type":"cond-expr","locations":[{"start":{"line":5,"column":56},"end":{"line":5,"column":94}},{"start":{"line":5,"column":97},"end":{"line":5,"column":101}}],"line":5},"5":{"loc":{"start":{"line":6,"column":20},"end":{"line":6,"column":98}},"type":"cond-expr","locations":[{"start":{"line":6,"column":54},"end":{"line":6,"column":91}},{"start":{"line":6,"column":94},"end":{"line":6,"column":98}}],"line":6},"6":{"loc":{"start":{"line":7,"column":24},"end":{"line":7,"column":106}},"type":"cond-expr","locations":[{"start":{"line":7,"column":58},"end":{"line":7,"column":99}},{"start":{"line":7,"column":102},"end":{"line":7,"column":106}}],"line":7},"7":{"loc":{"start":{"line":8,"column":18},"end":{"line":8,"column":93}},"type":"cond-expr","locations":[{"start":{"line":8,"column":52},"end":{"line":8,"column":86}},{"start":{"line":8,"column":89},"end":{"line":8,"column":93}}],"line":8},"8":{"loc":{"start":{"line":10,"column":0},"end":{"line":37,"column":1}},"type":"if","locations":[{"start":{"line":10,"column":0},"end":{"line":37,"column":1}},{"start":{},"end":{}}],"line":10},"9":{"loc":{"start":{"line":15,"column":8},"end":{"line":18,"column":9}},"type":"if","locations":[{"start":{"line":15,"column":8},"end":{"line":18,"column":9}},{"start":{},"end":{}}],"line":15},"10":{"loc":{"start":{"line":43,"column":4},"end":{"line":45,"column":5}},"type":"if","locations":[{"start":{"line":43,"column":4},"end":{"line":45,"column":5}},{"start":{},"end":{}}],"line":43},"11":{"loc":{"start":{"line":48,"column":4},"end":{"line":50,"column":5}},"type":"if","locations":[{"start":{"line":48,"column":4},"end":{"line":50,"column":5}},{"start":{},"end":{}}],"line":48},"12":{"loc":{"start":{"line":48,"column":8},"end":{"line":48,"column":50}},"type":"binary-expr","locations":[{"start":{"line":48,"column":8},"end":{"line":48,"column":21}},{"start":{"line":48,"column":25},"end":{"line":48,"column":50}}],"line":48},"13":{"loc":{"start":{"line":62,"column":4},"end":{"line":64,"column":5}},"type":"if","locations":[{"start":{"line":62,"column":4},"end":{"line":64,"column":5}},{"start":{},"end":{}}],"line":62},"14":{"loc":{"start":{"line":67,"column":4},"end":{"line":69,"column":5}},"type":"if","locations":[{"start":{"line":67,"column":4},"end":{"line":69,"column":5}},{"start":{},"end":{}}],"line":67},"15":{"loc":{"start":{"line":79,"column":4},"end":{"line":79,"column":27}},"type":"if","locations":[{"start":{"line":79,"column":4},"end":{"line":79,"column":27}},{"start":{},"end":{}}],"line":79},"16":{"loc":{"start":{"line":81,"column":26},"end":{"line":81,"column":48}},"type":"cond-expr","locations":[{"start":{"line":81,"column":36},"end":{"line":81,"column":43}},{"start":{"line":81,"column":46},"end":{"line":81,"column":48}}],"line":81},"17":{"loc":{"start":{"line":84,"column":0},"end":{"line":89,"column":1}},"type":"if","locations":[{"start":{"line":84,"column":0},"end":{"line":89,"column":1}},{"start":{},"end":{}}],"line":84},"18":{"loc":{"start":{"line":84,"column":4},"end":{"line":84,"column":51}},"type":"binary-expr","locations":[{"start":{"line":84,"column":4},"end":{"line":84,"column":33}},{"start":{"line":84,"column":37},"end":{"line":84,"column":51}}],"line":84}},"s":{"0":1,"1":1,"2":1,"3":1,"4":1,"5":1,"6":1,"7":1,"8":1,"9":0,"10":0,"11":0,"12":0,"13":0,"14":0,"15":0,"16":0,"17":0,"18":0,"19":0,"20":0,"21":0,"22":0,"23":0,"24":0,"25":0,"26":0,"27":4,"28":4,"29":3,"30":1,"31":2,"32":2,"33":1,"34":1,"35":4,"36":4,"37":3,"38":1,"39":2,"40":2,"41":1,"42":1,"43":0,"44":0,"45":0,"46":0,"47":1,"48":1},"f":{"0":0,"1":4,"2":4,"3":0},"b":{"0":[0,1],"1":[0,1],"2":[0,1],"3":[0,1],"4":[0,1],"5":[0,1],"6":[0,1],"7":[0,1],"8":[0,1],"9":[0,0],"10":[1,2],"11":[1,1],"12":[2,2],"13":[1,2],"14":[1,1],"15":[0,0],"16":[0,0],"17":[1,0],"18":[1,1]},"_coverageSchema":"1a1c01bbd47fc00a2c39e90264f33305004495a9","hash":"a27767a0084910404e004bc10890a772ddb20709"}
}
