<?xml version="1.0" encoding="UTF-8"?>
<coverage generated="1785423531578" clover="3.2.0">
  <project timestamp="1785423531578" name="All files">
    <metrics statements="105" coveredstatements="59" conditionals="80" coveredconditionals="46" methods="9" coveredmethods="6" elements="194" coveredelements="111" complexity="0" loc="105" ncloc="105" packages="1" files="1" classes="1"/>
    <file name="weather.js" path="/home/laura/Documents/Generation-Colombia/Semana 11/weather/src/js/weather.js">
      <metrics statements="105" coveredstatements="59" conditionals="80" coveredconditionals="46" methods="9" coveredmethods="6"/>
      <line num="1" count="1" type="cond" truecount="1" falsecount="1"/>
      <line num="2" count="1" type="cond" truecount="1" falsecount="1"/>
      <line num="3" count="1" type="cond" truecount="1" falsecount="1"/>
      <line num="4" count="1" type="cond" truecount="1" falsecount="1"/>
      <line num="5" count="1" type="cond" truecount="1" falsecount="1"/>
      <line num="6" count="1" type="cond" truecount="1" falsecount="1"/>
      <line num="7" count="1" type="cond" truecount="1" falsecount="1"/>
      <line num="8" count="1" type="cond" truecount="1" falsecount="1"/>
      <line num="10" count="1" type="cond" truecount="1" falsecount="1"/>
      <line num="11" count="0" type="stmt"/>
      <line num="12" count="0" type="stmt"/>
      <line num="13" count="0" type="stmt"/>
      <line num="15" count="0" type="cond" truecount="0" falsecount="2"/>
      <line num="16" count="0" type="stmt"/>
      <line num="17" count="0" type="stmt"/>
      <line num="18" count="0" type="stmt"/>
      <line num="21" count="0" type="stmt"/>
      <line num="22" count="0" type="stmt"/>
      <line num="24" count="0" type="stmt"/>
      <line num="25" count="0" type="stmt"/>
      <line num="26" count="0" type="stmt"/>
      <line num="28" count="0" type="stmt"/>
      <line num="32" count="0" type="stmt"/>
      <line num="33" count="0" type="stmt"/>
      <line num="34" count="0" type="stmt"/>
      <line num="35" count="0" type="stmt"/>
      <line num="36" count="0" type="stmt"/>
      <line num="37" count="0" type="stmt"/>
      <line num="39" count="0" type="stmt"/>
      <line num="40" count="0" type="stmt"/>
      <line num="46" count="11" type="stmt"/>
      <line num="48" count="9" type="cond" truecount="2" falsecount="0"/>
      <line num="49" count="2" type="cond" truecount="1" falsecount="1"/>
      <line num="50" count="2" type="stmt"/>
      <line num="53" count="7" type="stmt"/>
      <line num="57" count="4" type="stmt"/>
      <line num="60" count="4" type="stmt"/>
      <line num="61" count="4" type="stmt"/>
      <line num="63" count="2" type="cond" truecount="2" falsecount="0"/>
      <line num="64" count="1" type="stmt"/>
      <line num="66" count="1" type="stmt"/>
      <line num="69" count="2" type="cond" truecount="4" falsecount="0"/>
      <line num="70" count="1" type="stmt"/>
      <line num="73" count="1" type="stmt"/>
      <line num="100" count="7" type="stmt"/>
      <line num="103" count="7" type="stmt"/>
      <line num="104" count="7" type="stmt"/>
      <line num="106" count="2" type="cond" truecount="2" falsecount="0"/>
      <line num="107" count="1" type="stmt"/>
      <line num="109" count="1" type="stmt"/>
      <line num="112" count="5" type="stmt"/>
      <line num="113" count="5" type="cond" truecount="2" falsecount="0"/>
      <line num="114" count="1" type="stmt"/>
      <line num="117" count="4" type="stmt"/>
      <line num="118" count="4" type="cond" truecount="4" falsecount="1"/>
      <line num="119" count="0" type="stmt"/>
      <line num="122" count="4" type="stmt"/>
      <line num="133" count="1" type="stmt"/>
      <line num="136" count="4" type="cond" truecount="2" falsecount="2"/>
      <line num="137" count="0" type="stmt"/>
      <line num="138" count="0" type="stmt"/>
      <line num="140" count="0" type="stmt"/>
      <line num="145" count="4" type="stmt"/>
      <line num="146" count="4" type="cond" truecount="2" falsecount="0"/>
      <line num="150" count="3" type="cond" truecount="2" falsecount="2"/>
      <line num="151" count="0" type="stmt"/>
      <line num="152" count="0" type="stmt"/>
      <line num="153" count="0" type="stmt"/>
      <line num="155" count="0" type="stmt"/>
      <line num="160" count="3" type="stmt"/>
      <line num="161" count="3" type="stmt"/>
      <line num="163" count="0" type="stmt"/>
      <line num="165" count="0" type="stmt"/>
      <line num="179" count="4" type="cond" truecount="2" falsecount="0"/>
      <line num="180" count="4" type="stmt"/>
      <line num="182" count="4" type="stmt"/>
      <line num="183" count="4" type="cond" truecount="2" falsecount="0"/>
      <line num="184" count="2" type="stmt"/>
      <line num="185" count="2" type="stmt"/>
      <line num="186" count="2" type="cond" truecount="4" falsecount="1"/>
      <line num="187" count="2" type="stmt"/>
      <line num="188" count="2" type="cond" truecount="2" falsecount="0"/>
      <line num="189" count="1" type="stmt"/>
      <line num="193" count="0" type="stmt"/>
      <line num="194" count="0" type="cond" truecount="0" falsecount="4"/>
      <line num="195" count="0" type="stmt"/>
      <line num="201" count="3" type="stmt"/>
      <line num="203" count="3" type="stmt"/>
      <line num="208" count="3" type="stmt"/>
      <line num="209" count="3" type="stmt"/>
      <line num="211" count="0" type="stmt"/>
      <line num="212" count="0" type="cond" truecount="0" falsecount="4"/>
      <line num="213" count="0" type="stmt"/>
      <line num="218" count="3" type="stmt"/>
      <line num="222" count="0" type="cond" truecount="0" falsecount="2"/>
      <line num="224" count="0" type="cond" truecount="0" falsecount="2"/>
      <line num="225" count="0" type="stmt"/>
      <line num="226" count="0" type="stmt"/>
      <line num="227" count="0" type="stmt"/>
      <line num="228" count="0" type="stmt"/>
      <line num="231" count="0" type="stmt"/>
      <line num="232" count="0" type="cond" truecount="0" falsecount="2"/>
      <line num="233" count="0" type="stmt"/>
      <line num="236" count="1" type="cond" truecount="3" falsecount="1"/>
      <line num="237" count="1" type="stmt"/>
    </file>
  </project>
</coverage>
