{"/home/laura/Documents/Generation-Colombia/Semana 11/weather/src/js/weather.js": {"path":"/home/laura/Documents/Generation-Colombia/Semana 11/weather/src/js/weather.js","statementMap":{"0":{"start":{"line":1,"column":13},"end":{"line":1,"column":93}},"1":{"start":{"line":2,"column":18},"end":{"line":2,"column":90}},"2":{"start":{"line":3,"column":19},"end":{"line":3,"column":93}},"3":{"start":{"line":4,"column":19},"end":{"line":4,"column":96}},"4":{"start":{"line":5,"column":22},"end":{"line":5,"column":101}},"5":{"start":{"line":6,"column":20},"end":{"line":6,"column":98}},"6":{"start":{"line":7,"column":24},"end":{"line":7,"column":106}},"7":{"start":{"line":8,"column":18},"end":{"line":8,"column":93}},"8":{"start":{"line":10,"column":0},"end":{"line":43,"column":1}},"9":{"start":{"line":11,"column":4},"end":{"line":42,"column":7}},"10":{"start":{"line":12,"column":8},"end":{"line":12,"column":31}},"11":{"start":{"line":13,"column":21},"end":{"line":13,"column":43}},"12":{"start":{"line":15,"column":8},"end":{"line":19,"column":9}},"13":{"start":{"line":16,"column":12},"end":{"line":16,"column":37}},"14":{"start":{"line":17,"column":12},"end":{"line":17,"column":63}},"15":{"start":{"line":18,"column":12},"end":{"line":18,"column":19}},"16":{"start":{"line":21,"column":8},"end":{"line":21,"column":48}},"17":{"start":{"line":22,"column":8},"end":{"line":22,"column":33}},"18":{"start":{"line":24,"column":8},"end":{"line":41,"column":9}},"19":{"start":{"line":25,"column":32},"end":{"line":25,"column":58}},"20":{"start":{"line":26,"column":28},"end":{"line":30,"column":14}},"21":{"start":{"line":28,"column":20},"end":{"line":28,"column":67}},"22":{"start":{"line":32,"column":12},"end":{"line":32,"column":42}},"23":{"start":{"line":33,"column":12},"end":{"line":33,"column":71}},"24":{"start":{"line":34,"column":12},"end":{"line":34,"column":67}},"25":{"start":{"line":35,"column":12},"end":{"line":35,"column":75}},"26":{"start":{"line":36,"column":12},"end":{"line":36,"column":38}},"27":{"start":{"line":37,"column":12},"end":{"line":37,"column":35}},"28":{"start":{"line":39,"column":12},"end":{"line":39,"column":37}},"29":{"start":{"line":40,"column":12},"end":{"line":40,"column":45}},"30":{"start":{"line":46,"column":21},"end":{"line":46,"column":37}},"31":{"start":{"line":48,"column":4},"end":{"line":51,"column":5}},"32":{"start":{"line":49,"column":27},"end":{"line":49,"column":79}},"33":{"start":{"line":50,"column":8},"end":{"line":50,"column":64}},"34":{"start":{"line":53,"column":4},"end":{"line":53,"column":27}},"35":{"start":{"line":57,"column":16},"end":{"line":57,"column":129}},"36":{"start":{"line":60,"column":4},"end":{"line":67,"column":5}},"37":{"start":{"line":61,"column":8},"end":{"line":61,"column":36}},"38":{"start":{"line":63,"column":8},"end":{"line":65,"column":9}},"39":{"start":{"line":64,"column":12},"end":{"line":64,"column":64}},"40":{"start":{"line":66,"column":8},"end":{"line":66,"column":20}},"41":{"start":{"line":69,"column":4},"end":{"line":71,"column":5}},"42":{"start":{"line":70,"column":8},"end":{"line":70,"column":49}},"43":{"start":{"line":73,"column":4},"end":{"line":76,"column":6}},"44":{"start":{"line":100,"column":16},"end":{"line":100,"column":165}},"45":{"start":{"line":103,"column":4},"end":{"line":110,"column":5}},"46":{"start":{"line":104,"column":8},"end":{"line":104,"column":36}},"47":{"start":{"line":106,"column":8},"end":{"line":108,"column":9}},"48":{"start":{"line":107,"column":12},"end":{"line":107,"column":74}},"49":{"start":{"line":109,"column":8},"end":{"line":109,"column":20}},"50":{"start":{"line":112,"column":27},"end":{"line":112,"column":47}},"51":{"start":{"line":113,"column":4},"end":{"line":115,"column":5}},"52":{"start":{"line":114,"column":8},"end":{"line":114,"column":62}},"53":{"start":{"line":117,"column":80},"end":{"line":117,"column":94}},"54":{"start":{"line":118,"column":4},"end":{"line":120,"column":5}},"55":{"start":{"line":119,"column":8},"end":{"line":119,"column":85}},"56":{"start":{"line":122,"column":4},"end":{"line":126,"column":6}},"57":{"start":{"line":133,"column":22},"end":{"line":133,"column":31}},"58":{"start":{"line":136,"column":4},"end":{"line":143,"column":5}},"59":{"start":{"line":137,"column":8},"end":{"line":142,"column":9}},"60":{"start":{"line":138,"column":12},"end":{"line":138,"column":45}},"61":{"start":{"line":140,"column":12},"end":{"line":140,"column":66}},"62":{"start":{"line":145,"column":18},"end":{"line":145,"column":40}},"63":{"start":{"line":146,"column":4},"end":{"line":146,"column":62}},"64":{"start":{"line":150,"column":4},"end":{"line":158,"column":5}},"65":{"start":{"line":151,"column":8},"end":{"line":157,"column":9}},"66":{"start":{"line":152,"column":12},"end":{"line":152,"column":45}},"67":{"start":{"line":153,"column":12},"end":{"line":153,"column":19}},"68":{"start":{"line":155,"column":12},"end":{"line":155,"column":67}},"69":{"start":{"line":160,"column":4},"end":{"line":166,"column":5}},"70":{"start":{"line":161,"column":8},"end":{"line":161,"column":50}},"71":{"start":{"line":163,"column":8},"end":{"line":163,"column":74}},"72":{"start":{"line":165,"column":8},"end":{"line":165,"column":38}},"73":{"start":{"line":179,"column":23},"end":{"line":179,"column":89}},"74":{"start":{"line":180,"column":16},"end":{"line":180,"column":50}},"75":{"start":{"line":182,"column":16},"end":{"line":182,"column":36}},"76":{"start":{"line":183,"column":4},"end":{"line":199,"column":5}},"77":{"start":{"line":184,"column":8},"end":{"line":198,"column":9}},"78":{"start":{"line":185,"column":26},"end":{"line":185,"column":41}},"79":{"start":{"line":186,"column":12},"end":{"line":191,"column":13}},"80":{"start":{"line":187,"column":30},"end":{"line":187,"column":51}},"81":{"start":{"line":188,"column":16},"end":{"line":190,"column":17}},"82":{"start":{"line":189,"column":20},"end":{"line":189,"column":38}},"83":{"start":{"line":193,"column":12},"end":{"line":193,"column":52}},"84":{"start":{"line":194,"column":12},"end":{"line":196,"column":13}},"85":{"start":{"line":195,"column":16},"end":{"line":195,"column":76}},"86":{"start":{"line":195,"column":22},"end":{"line":195,"column":46}},"87":{"start":{"line":201,"column":17},"end":{"line":201,"column":54}},"88":{"start":{"line":203,"column":18},"end":{"line":206,"column":5}},"89":{"start":{"line":208,"column":4},"end":{"line":216,"column":5}},"90":{"start":{"line":209,"column":8},"end":{"line":209,"column":52}},"91":{"start":{"line":211,"column":8},"end":{"line":211,"column":46}},"92":{"start":{"line":212,"column":8},"end":{"line":214,"column":9}},"93":{"start":{"line":213,"column":12},"end":{"line":213,"column":72}},"94":{"start":{"line":213,"column":18},"end":{"line":213,"column":42}},"95":{"start":{"line":218,"column":4},"end":{"line":218,"column":16}},"96":{"start":{"line":222,"column":4},"end":{"line":222,"column":27}},"97":{"start":{"line":222,"column":20},"end":{"line":222,"column":27}},"98":{"start":{"line":224,"column":4},"end":{"line":229,"column":5}},"99":{"start":{"line":225,"column":8},"end":{"line":225,"column":35}},"100":{"start":{"line":226,"column":8},"end":{"line":226,"column":33}},"101":{"start":{"line":227,"column":8},"end":{"line":227,"column":32}},"102":{"start":{"line":228,"column":8},"end":{"line":228,"column":15}},"103":{"start":{"line":231,"column":4},"end":{"line":231,"column":33}},"104":{"start":{"line":232,"column":4},"end":{"line":232,"column":53}},"105":{"start":{"line":233,"column":4},"end":{"line":233,"column":29}},"106":{"start":{"line":236,"column":0},"end":{"line":242,"column":1}},"107":{"start":{"line":237,"column":4},"end":{"line":241,"column":6}}},"fnMap":{"0":{"name":"(anonymous_0)","decl":{"start":{"line":11,"column":36},"end":{"line":11,"column":37}},"loc":{"start":{"line":11,"column":53},"end":{"line":42,"column":5}},"line":11},"1":{"name":"(anonymous_1)","decl":{"start":{"line":27,"column":16},"end":{"line":27,"column":17}},"loc":{"start":{"line":27,"column":34},"end":{"line":29,"column":17}},"line":27},"2":{"name":"fetchJson","decl":{"start":{"line":45,"column":15},"end":{"line":45,"column":24}},"loc":{"start":{"line":45,"column":30},"end":{"line":54,"column":1}},"line":45},"3":{"name":"getCoordinates","decl":{"start":{"line":56,"column":15},"end":{"line":56,"column":29}},"loc":{"start":{"line":56,"column":36},"end":{"line":77,"column":1}},"line":56},"4":{"name":"getWeather","decl":{"start":{"line":99,"column":15},"end":{"line":99,"column":25}},"loc":{"start":{"line":99,"column":47},"end":{"line":127,"column":1}},"line":99},"5":{"name":"_getStorageItem","decl":{"start":{"line":135,"column":9},"end":{"line":135,"column":24}},"loc":{"start":{"line":135,"column":30},"end":{"line":147,"column":1}},"line":135},"6":{"name":"_setStorageItem","decl":{"start":{"line":149,"column":9},"end":{"line":149,"column":24}},"loc":{"start":{"line":149,"column":37},"end":{"line":167,"column":1}},"line":149},"7":{"name":"getWeatherCached","decl":{"start":{"line":178,"column":15},"end":{"line":178,"column":31}},"loc":{"start":{"line":178,"column":67},"end":{"line":219,"column":1}},"line":178},"8":{"name":"showMessage","decl":{"start":{"line":221,"column":9},"end":{"line":221,"column":20}},"loc":{"start":{"line":221,"column":44},"end":{"line":234,"column":1}},"line":221}},"branchMap":{"0":{"loc":{"start":{"line":1,"column":13},"end":{"line":1,"column":93}},"type":"cond-expr","locations":[{"start":{"line":1,"column":47},"end":{"line":1,"column":86}},{"start":{"line":1,"column":89},"end":{"line":1,"column":93}}],"line":1},"1":{"loc":{"start":{"line":2,"column":18},"end":{"line":2,"column":90}},"type":"cond-expr","locations":[{"start":{"line":2,"column":52},"end":{"line":2,"column":83}},{"start":{"line":2,"column":86},"end":{"line":2,"column":90}}],"line":2},"2":{"loc":{"start":{"line":3,"column":19},"end":{"line":3,"column":93}},"type":"cond-expr","locations":[{"start":{"line":3,"column":53},"end":{"line":3,"column":86}},{"start":{"line":3,"column":89},"end":{"line":3,"column":93}}],"line":3},"3":{"loc":{"start":{"line":4,"column":19},"end":{"line":4,"column":96}},"type":"cond-expr","locations":[{"start":{"line":4,"column":53},"end":{"line":4,"column":89}},{"start":{"line":4,"column":92},"end":{"line":4,"column":96}}],"line":4},"4":{"loc":{"start":{"line":5,"column":22},"end":{"line":5,"column":101}},"type":"cond-expr","locations":[{"start":{"line":5,"column":56},"end":{"line":5,"column":94}},{"start":{"line":5,"column":97},"end":{"line":5,"column":101}}],"line":5},"5":{"loc":{"start":{"line":6,"column":20},"end":{"line":6,"column":98}},"type":"cond-expr","locations":[{"start":{"line":6,"column":54},"end":{"line":6,"column":91}},{"start":{"line":6,"column":94},"end":{"line":6,"column":98}}],"line":6},"6":{"loc":{"start":{"line":7,"column":24},"end":{"line":7,"column":106}},"type":"cond-expr","locations":[{"start":{"line":7,"column":58},"end":{"line":7,"column":99}},{"start":{"line":7,"column":102},"end":{"line":7,"column":106}}],"line":7},"7":{"loc":{"start":{"line":8,"column":18},"end":{"line":8,"column":93}},"type":"cond-expr","locations":[{"start":{"line":8,"column":52},"end":{"line":8,"column":86}},{"start":{"line":8,"column":89},"end":{"line":8,"column":93}}],"line":8},"8":{"loc":{"start":{"line":10,"column":0},"end":{"line":43,"column":1}},"type":"if","locations":[{"start":{"line":10,"column":0},"end":{"line":43,"column":1}},{"start":{},"end":{}}],"line":10},"9":{"loc":{"start":{"line":15,"column":8},"end":{"line":19,"column":9}},"type":"if","locations":[{"start":{"line":15,"column":8},"end":{"line":19,"column":9}},{"start":{},"end":{}}],"line":15},"10":{"loc":{"start":{"line":48,"column":4},"end":{"line":51,"column":5}},"type":"if","locations":[{"start":{"line":48,"column":4},"end":{"line":51,"column":5}},{"start":{},"end":{}}],"line":48},"11":{"loc":{"start":{"line":49,"column":27},"end":{"line":49,"column":79}},"type":"cond-expr","locations":[{"start":{"line":49,"column":49},"end":{"line":49,"column":74}},{"start":{"line":49,"column":77},"end":{"line":49,"column":79}}],"line":49},"12":{"loc":{"start":{"line":63,"column":8},"end":{"line":65,"column":9}},"type":"if","locations":[{"start":{"line":63,"column":8},"end":{"line":65,"column":9}},{"start":{},"end":{}}],"line":63},"13":{"loc":{"start":{"line":69,"column":4},"end":{"line":71,"column":5}},"type":"if","locations":[{"start":{"line":69,"column":4},"end":{"line":71,"column":5}},{"start":{},"end":{}}],"line":69},"14":{"loc":{"start":{"line":69,"column":8},"end":{"line":69,"column":50}},"type":"binary-expr","locations":[{"start":{"line":69,"column":8},"end":{"line":69,"column":21}},{"start":{"line":69,"column":25},"end":{"line":69,"column":50}}],"line":69},"15":{"loc":{"start":{"line":106,"column":8},"end":{"line":108,"column":9}},"type":"if","locations":[{"start":{"line":106,"column":8},"end":{"line":108,"column":9}},{"start":{},"end":{}}],"line":106},"16":{"loc":{"start":{"line":113,"column":4},"end":{"line":115,"column":5}},"type":"if","locations":[{"start":{"line":113,"column":4},"end":{"line":115,"column":5}},{"start":{},"end":{}}],"line":113},"17":{"loc":{"start":{"line":118,"column":4},"end":{"line":120,"column":5}},"type":"if","locations":[{"start":{"line":118,"column":4},"end":{"line":120,"column":5}},{"start":{},"end":{}}],"line":118},"18":{"loc":{"start":{"line":118,"column":8},"end":{"line":118,"column":73}},"type":"binary-expr","locations":[{"start":{"line":118,"column":8},"end":{"line":118,"column":27}},{"start":{"line":118,"column":31},"end":{"line":118,"column":48}},{"start":{"line":118,"column":52},"end":{"line":118,"column":73}}],"line":118},"19":{"loc":{"start":{"line":136,"column":4},"end":{"line":143,"column":5}},"type":"if","locations":[{"start":{"line":136,"column":4},"end":{"line":143,"column":5}},{"start":{},"end":{}}],"line":136},"20":{"loc":{"start":{"line":136,"column":8},"end":{"line":136,"column":68}},"type":"binary-expr","locations":[{"start":{"line":136,"column":8},"end":{"line":136,"column":43}},{"start":{"line":136,"column":47},"end":{"line":136,"column":68}}],"line":136},"21":{"loc":{"start":{"line":146,"column":11},"end":{"line":146,"column":61}},"type":"cond-expr","locations":[{"start":{"line":146,"column":33},"end":{"line":146,"column":37}},{"start":{"line":146,"column":40},"end":{"line":146,"column":61}}],"line":146},"22":{"loc":{"start":{"line":150,"column":4},"end":{"line":158,"column":5}},"type":"if","locations":[{"start":{"line":150,"column":4},"end":{"line":158,"column":5}},{"start":{},"end":{}}],"line":150},"23":{"loc":{"start":{"line":150,"column":8},"end":{"line":150,"column":68}},"type":"binary-expr","locations":[{"start":{"line":150,"column":8},"end":{"line":150,"column":43}},{"start":{"line":150,"column":47},"end":{"line":150,"column":68}}],"line":150},"24":{"loc":{"start":{"line":178,"column":53},"end":{"line":178,"column":65}},"type":"default-arg","locations":[{"start":{"line":178,"column":63},"end":{"line":178,"column":65}}],"line":178},"25":{"loc":{"start":{"line":179,"column":23},"end":{"line":179,"column":89}},"type":"cond-expr","locations":[{"start":{"line":179,"column":64},"end":{"line":179,"column":82}},{"start":{"line":179,"column":85},"end":{"line":179,"column":89}}],"line":179},"26":{"loc":{"start":{"line":183,"column":4},"end":{"line":199,"column":5}},"type":"if","locations":[{"start":{"line":183,"column":4},"end":{"line":199,"column":5}},{"start":{},"end":{}}],"line":183},"27":{"loc":{"start":{"line":186,"column":12},"end":{"line":191,"column":13}},"type":"if","locations":[{"start":{"line":186,"column":12},"end":{"line":191,"column":13}},{"start":{},"end":{}}],"line":186},"28":{"loc":{"start":{"line":186,"column":16},"end":{"line":186,"column":67}},"type":"binary-expr","locations":[{"start":{"line":186,"column":16},"end":{"line":186,"column":21}},{"start":{"line":186,"column":25},"end":{"line":186,"column":53}},{"start":{"line":186,"column":57},"end":{"line":186,"column":67}}],"line":186},"29":{"loc":{"start":{"line":188,"column":16},"end":{"line":190,"column":17}},"type":"if","locations":[{"start":{"line":188,"column":16},"end":{"line":190,"column":17}},{"start":{},"end":{}}],"line":188},"30":{"loc":{"start":{"line":194,"column":12},"end":{"line":196,"column":13}},"type":"if","locations":[{"start":{"line":194,"column":12},"end":{"line":196,"column":13}},{"start":{},"end":{}}],"line":194},"31":{"loc":{"start":{"line":194,"column":16},"end":{"line":194,"column":69}},"type":"binary-expr","locations":[{"start":{"line":194,"column":16},"end":{"line":194,"column":23}},{"start":{"line":194,"column":27},"end":{"line":194,"column":69}}],"line":194},"32":{"loc":{"start":{"line":212,"column":8},"end":{"line":214,"column":9}},"type":"if","locations":[{"start":{"line":212,"column":8},"end":{"line":214,"column":9}},{"start":{},"end":{}}],"line":212},"33":{"loc":{"start":{"line":212,"column":12},"end":{"line":212,"column":65}},"type":"binary-expr","locations":[{"start":{"line":212,"column":12},"end":{"line":212,"column":19}},{"start":{"line":212,"column":23},"end":{"line":212,"column":65}}],"line":212},"34":{"loc":{"start":{"line":221,"column":27},"end":{"line":221,"column":42}},"type":"default-arg","locations":[{"start":{"line":221,"column":37},"end":{"line":221,"column":42}}],"line":221},"35":{"loc":{"start":{"line":222,"column":4},"end":{"line":222,"column":27}},"type":"if","locations":[{"start":{"line":222,"column":4},"end":{"line":222,"column":27}},{"start":{},"end":{}}],"line":222},"36":{"loc":{"start":{"line":224,"column":4},"end":{"line":229,"column":5}},"type":"if","locations":[{"start":{"line":224,"column":4},"end":{"line":229,"column":5}},{"start":{},"end":{}}],"line":224},"37":{"loc":{"start":{"line":232,"column":26},"end":{"line":232,"column":52}},"type":"cond-expr","locations":[{"start":{"line":232,"column":36},"end":{"line":232,"column":43}},{"start":{"line":232,"column":46},"end":{"line":232,"column":52}}],"line":232},"38":{"loc":{"start":{"line":236,"column":0},"end":{"line":242,"column":1}},"type":"if","locations":[{"start":{"line":236,"column":0},"end":{"line":242,"column":1}},{"start":{},"end":{}}],"line":236},"39":{"loc":{"start":{"line":236,"column":4},"end":{"line":236,"column":51}},"type":"binary-expr","locations":[{"start":{"line":236,"column":4},"end":{"line":236,"column":33}},{"start":{"line":236,"column":37},"end":{"line":236,"column":51}}],"line":236}},"s":{"0":1,"1":1,"2":1,"3":1,"4":1,"5":1,"6":1,"7":1,"8":1,"9":0,"10":0,"11":0,"12":0,"13":0,"14":0,"15":0,"16":0,"17":0,"18":0,"19":0,"20":0,"21":0,"22":0,"23":0,"24":0,"25":0,"26":0,"27":0,"28":0,"29":0,"30":11,"31":9,"32":2,"33":2,"34":7,"35":4,"36":4,"37":4,"38":2,"39":1,"40":1,"41":2,"42":1,"43":1,"44":7,"45":7,"46":7,"47":2,"48":1,"49":1,"50":5,"51":5,"52":1,"53":4,"54":4,"55":0,"56":4,"57":1,"58":4,"59":0,"60":0,"61":0,"62":4,"63":4,"64":3,"65":0,"66":0,"67":0,"68":0,"69":3,"70":3,"71":0,"72":0,"73":4,"74":4,"75":4,"76":4,"77":2,"78":2,"79":2,"80":2,"81":2,"82":1,"83":0,"84":0,"85":0,"86":0,"87":3,"88":3,"89":3,"90":3,"91":0,"92":0,"93":0,"94":0,"95":3,"96":0,"97":0,"98":0,"99":0,"100":0,"101":0,"102":0,"103":0,"104":0,"105":0,"106":1,"107":1},"f":{"0":0,"1":0,"2":11,"3":4,"4":7,"5":4,"6":3,"7":4,"8":0},"b":{"0":[0,1],"1":[0,1],"2":[0,1],"3":[0,1],"4":[0,1],"5":[0,1],"6":[0,1],"7":[0,1],"8":[0,1],"9":[0,0],"10":[2,7],"11":[0,2],"12":[1,1],"13":[1,1],"14":[2,2],"15":[1,1],"16":[1,4],"17":[0,4],"18":[4,4,4],"19":[0,4],"20":[4,0],"21":[2,2],"22":[0,3],"23":[3,0],"24":[2],"25":[2,2],"26":[2,2],"27":[2,0],"28":[2,2,2],"29":[1,1],"30":[0,0],"31":[0,0],"32":[0,0],"33":[0,0],"34":[0],"35":[0,0],"36":[0,0],"37":[0,0],"38":[1,0],"39":[1,1]},"_coverageSchema":"1a1c01bbd47fc00a2c39e90264f33305004495a9","hash":"5a8ffbfa05ae36223717a5dde49baf3f7152ea67"}
}
