TN:
SF:src/js/weather.js
FN:11,(anonymous_0)
FN:39,getCoordinates
FN:58,getWeather
FN:78,showMessage
FNF:4
FNH:2
FNDA:0,(anonymous_0)
FNDA:4,getCoordinates
FNDA:4,getWeather
FNDA:0,showMessage
DA:1,1
DA:2,1
DA:3,1
DA:4,1
DA:5,1
DA:6,1
DA:7,1
DA:8,1
DA:10,1
DA:11,0
DA:12,0
DA:13,0
DA:15,0
DA:16,0
DA:17,0
DA:20,0
DA:21,0
DA:23,0
DA:24,0
DA:25,0
DA:27,0
DA:28,0
DA:29,0
DA:30,0
DA:31,0
DA:32,0
DA:34,0
DA:40,4
DA:41,4
DA:43,3
DA:44,1
DA:47,2
DA:48,2
DA:49,1
DA:52,1
DA:59,4
DA:60,4
DA:62,3
DA:63,1
DA:66,2
DA:67,2
DA:68,1
DA:71,1
DA:79,0
DA:80,0
DA:81,0
DA:84,1
DA:85,1
LF:48
LH:27
BRDA:1,0,0,0
BRDA:1,0,1,1
BRDA:2,1,0,0
BRDA:2,1,1,1
BRDA:3,2,0,0
BRDA:3,2,1,1
BRDA:4,3,0,0
BRDA:4,3,1,1
BRDA:5,4,0,0
BRDA:5,4,1,1
BRDA:6,5,0,0
BRDA:6,5,1,1
BRDA:7,6,0,0
BRDA:7,6,1,1
BRDA:8,7,0,0
BRDA:8,7,1,1
BRDA:10,8,0,0
BRDA:10,8,1,1
BRDA:15,9,0,0
BRDA:15,9,1,0
BRDA:43,10,0,1
BRDA:43,10,1,2
BRDA:48,11,0,1
BRDA:48,11,1,1
BRDA:48,12,0,2
BRDA:48,12,1,2
BRDA:62,13,0,1
BRDA:62,13,1,2
BRDA:67,14,0,1
BRDA:67,14,1,1
BRDA:79,15,0,0
BRDA:79,15,1,0
BRDA:81,16,0,0
BRDA:81,16,1,0
BRDA:84,17,0,1
BRDA:84,17,1,0
BRDA:84,18,0,1
BRDA:84,18,1,1
BRF:38
BRH:22
end_of_record
