TN:
SF:src/js/weather.js
FN:11,(anonymous_0)
FN:27,(anonymous_1)
FN:45,fetchJson
FN:56,getCoordinates
FN:99,getWeather
FN:135,_getStorageItem
FN:149,_setStorageItem
FN:178,getWeatherCached
FN:221,showMessage
FNF:9
FNH:6
FNDA:0,(anonymous_0)
FNDA:0,(anonymous_1)
FNDA:11,fetchJson
FNDA:4,getCoordinates
FNDA:7,getWeather
FNDA:4,_getStorageItem
FNDA:3,_setStorageItem
FNDA:4,getWeatherCached
FNDA:0,showMessage
DA:1,1
DA:2,1
DA:3,1
DA:4,1
DA:5,1
DA:6,1
DA:7,1
DA:8,1
DA:10,1
DA:11,0
DA:12,0
DA:13,0
DA:15,0
DA:16,0
DA:17,0
DA:18,0
DA:21,0
DA:22,0
DA:24,0
DA:25,0
DA:26,0
DA:28,0
DA:32,0
DA:33,0
DA:34,0
DA:35,0
DA:36,0
DA:37,0
DA:39,0
DA:40,0
DA:46,11
DA:48,9
DA:49,2
DA:50,2
DA:53,7
DA:57,4
DA:60,4
DA:61,4
DA:63,2
DA:64,1
DA:66,1
DA:69,2
DA:70,1
DA:73,1
DA:100,7
DA:103,7
DA:104,7
DA:106,2
DA:107,1
DA:109,1
DA:112,5
DA:113,5
DA:114,1
DA:117,4
DA:118,4
DA:119,0
DA:122,4
DA:133,1
DA:136,4
DA:137,0
DA:138,0
DA:140,0
DA:145,4
DA:146,4
DA:150,3
DA:151,0
DA:152,0
DA:153,0
DA:155,0
DA:160,3
DA:161,3
DA:163,0
DA:165,0
DA:179,4
DA:180,4
DA:182,4
DA:183,4
DA:184,2
DA:185,2
DA:186,2
DA:187,2
DA:188,2
DA:189,1
DA:193,0
DA:194,0
DA:195,0
DA:201,3
DA:203,3
DA:208,3
DA:209,3
DA:211,0
DA:212,0
DA:213,0
DA:218,3
DA:222,0
DA:224,0
DA:225,0
DA:226,0
DA:227,0
DA:228,0
DA:231,0
DA:232,0
DA:233,0
DA:236,1
DA:237,1
LF:105
LH:59
BRDA:1,0,0,0
BRDA:1,0,1,1
BRDA:2,1,0,0
BRDA:2,1,1,1
BRDA:3,2,0,0
BRDA:3,2,1,1
BRDA:4,3,0,0
BRDA:4,3,1,1
BRDA:5,4,0,0
BRDA:5,4,1,1
BRDA:6,5,0,0
BRDA:6,5,1,1
BRDA:7,6,0,0
BRDA:7,6,1,1
BRDA:8,7,0,0
BRDA:8,7,1,1
BRDA:10,8,0,0
BRDA:10,8,1,1
BRDA:15,9,0,0
BRDA:15,9,1,0
BRDA:48,10,0,2
BRDA:48,10,1,7
BRDA:49,11,0,0
BRDA:49,11,1,2
BRDA:63,12,0,1
BRDA:63,12,1,1
BRDA:69,13,0,1
BRDA:69,13,1,1
BRDA:69,14,0,2
BRDA:69,14,1,2
BRDA:106,15,0,1
BRDA:106,15,1,1
BRDA:113,16,0,1
BRDA:113,16,1,4
BRDA:118,17,0,0
BRDA:118,17,1,4
BRDA:118,18,0,4
BRDA:118,18,1,4
BRDA:118,18,2,4
BRDA:136,19,0,0
BRDA:136,19,1,4
BRDA:136,20,0,4
BRDA:136,20,1,0
BRDA:146,21,0,2
BRDA:146,21,1,2
BRDA:150,22,0,0
BRDA:150,22,1,3
BRDA:150,23,0,3
BRDA:150,23,1,0
BRDA:178,24,0,2
BRDA:179,25,0,2
BRDA:179,25,1,2
BRDA:183,26,0,2
BRDA:183,26,1,2
BRDA:186,27,0,2
BRDA:186,27,1,0
BRDA:186,28,0,2
BRDA:186,28,1,2
BRDA:186,28,2,2
BRDA:188,29,0,1
BRDA:188,29,1,1
BRDA:194,30,0,0
BRDA:194,30,1,0
BRDA:194,31,0,0
BRDA:194,31,1,0
BRDA:212,32,0,0
BRDA:212,32,1,0
BRDA:212,33,0,0
BRDA:212,33,1,0
BRDA:221,34,0,0
BRDA:222,35,0,0
BRDA:222,35,1,0
BRDA:224,36,0,0
BRDA:224,36,1,0
BRDA:232,37,0,0
BRDA:232,37,1,0
BRDA:236,38,0,1
BRDA:236,38,1,0
BRDA:236,39,0,1
BRDA:236,39,1,1
BRF:80
BRH:46
end_of_record
